{"uuid":"8a0e0fd9-ab82-4555-98d5-c8f8a70b8cc7","historyId":"ac664ec2bef157d839cebd0eb9bfa57","fullName":"com.akhbar24.tests.TemperatureTest.testTemperatureValueIsDisplayedCorrectly","labels":[{"name":"package","value":"com.akhbar24.tests.TemperatureTest"},{"name":"testClass","value":"com.akhbar24.tests.TemperatureTest"},{"name":"testMethod","value":"testTemperatureValueIsDisplayedCorrectly"},{"name":"parentSuite","value":"Default Suite"},{"name":"suite","value":"akhbar_24"},{"name":"subSuite","value":"com.akhbar24.tests.TemperatureTest"},{"name":"host","value":"DESKTOP-0OH831K"},{"name":"thread","value":"28624@DESKTOP-0OH831K.main(1)"},{"name":"framework","value":"testng"},{"name":"language","value":"java"}],"links":[],"name":"testTemperatureValueIsDisplayedCorrectly","status":"failed","statusDetails":{"known":false,"muted":false,"flaky":false,"message":"❌ فشل في التحقق من درجة الحرارة: Error communicating with the remote browser. It may have died.\nBuild info: version: '4.32.0', revision: 'd17c8aa950'\nSystem info: os.name: 'Windows 11', os.arch: 'amd64', os.version: '10.0', java.version: '17.0.10'\nDriver info: io.appium.java_client.android.AndroidDriver\nCommand: [2d665168-002f-49f3-93fa-006ee35e217b, findElement [using, value]]\nCapabilities {appium:app: C:\\Users\\user\\Downloads\\app..., appium:appPackage: com.argaam.akhbaar24, appium:appWaitDuration: 100000, appium:automationName: UiAutomator2, appium:chromedriverAutodownload: true, appium:databaseEnabled: false, appium:desired: {app: C:\\Users\\user\\Downloads\\app..., appWaitDuration: 100000, automationName: UiAutomator2, chromedriverAutodownload: true, deviceName: Pixel 7a, platformName: ANDROID}, appium:deviceApiLevel: 36, appium:deviceManufacturer: Google, appium:deviceModel: sdk_gphone64_x86_64, appium:deviceName: emulator-5554, appium:deviceScreenDensity: 420, appium:deviceScreenSize: 1080x2400, appium:deviceUDID: emulator-5554, appium:javascriptEnabled: true, appium:locationContextEnabled: false, appium:networkConnectionEnabled: true, appium:pixelRatio: 2.625, appium:platformVersion: 16, appium:statBarHeight: 118, appium:takesScreenshot: true, appium:viewportRect: {height: 2282, left: 0, top: 118, width: 1080}, appium:warnings: {}, appium:webStorageEnabled: false, platformName: ANDROID}\nSession ID: 2d665168-002f-49f3-93fa-006ee35e217b","trace":"java.lang.AssertionError: ❌ فشل في التحقق من درجة الحرارة: Error communicating with the remote browser. It may have died.\nBuild info: version: '4.32.0', revision: 'd17c8aa950'\nSystem info: os.name: 'Windows 11', os.arch: 'amd64', os.version: '10.0', java.version: '17.0.10'\nDriver info: io.appium.java_client.android.AndroidDriver\nCommand: [2d665168-002f-49f3-93fa-006ee35e217b, findElement [using, value]]\nCapabilities {appium:app: C:\\Users\\user\\Downloads\\app..., appium:appPackage: com.argaam.akhbaar24, appium:appWaitDuration: 100000, appium:automationName: UiAutomator2, appium:chromedriverAutodownload: true, appium:databaseEnabled: false, appium:desired: {app: C:\\Users\\user\\Downloads\\app..., appWaitDuration: 100000, automationName: UiAutomator2, chromedriverAutodownload: true, deviceName: Pixel 7a, platformName: ANDROID}, appium:deviceApiLevel: 36, appium:deviceManufacturer: Google, appium:deviceModel: sdk_gphone64_x86_64, appium:deviceName: emulator-5554, appium:deviceScreenDensity: 420, appium:deviceScreenSize: 1080x2400, appium:deviceUDID: emulator-5554, appium:javascriptEnabled: true, appium:locationContextEnabled: false, appium:networkConnectionEnabled: true, appium:pixelRatio: 2.625, appium:platformVersion: 16, appium:statBarHeight: 118, appium:takesScreenshot: true, appium:viewportRect: {height: 2282, left: 0, top: 118, width: 1080}, appium:warnings: {}, appium:webStorageEnabled: false, platformName: ANDROID}\nSession ID: 2d665168-002f-49f3-93fa-006ee35e217b\r\n\tat org.testng.Assert.fail(Assert.java:111)\r\n\tat com.akhbar24.tests.TemperatureTest.testTemperatureValueIsDisplayedCorrectly(TemperatureTest.java:44)\r\n\tat java.base/jdk.internal.reflect.NativeMethodAccessorImpl.invoke0(Native Method)\r\n\tat java.base/jdk.internal.reflect.NativeMethodAccessorImpl.invoke(NativeMethodAccessorImpl.java:77)\r\n\tat java.base/jdk.internal.reflect.DelegatingMethodAccessorImpl.invoke(DelegatingMethodAccessorImpl.java:43)\r\n\tat java.base/java.lang.reflect.Method.invoke(Method.java:568)\r\n\tat org.testng.internal.invokers.MethodInvocationHelper.invokeMethod(MethodInvocationHelper.java:141)\r\n\tat org.testng.internal.invokers.TestInvoker.invokeMethod(TestInvoker.java:686)\r\n\tat org.testng.internal.invokers.TestInvoker.invokeTestMethod(TestInvoker.java:230)\r\n\tat org.testng.internal.invokers.MethodRunner.runInSequence(MethodRunner.java:63)\r\n\tat org.testng.internal.invokers.TestInvoker$MethodInvocationAgent.invoke(TestInvoker.java:992)\r\n\tat org.testng.internal.invokers.TestInvoker.invokeTestMethods(TestInvoker.java:203)\r\n\tat org.testng.internal.invokers.TestMethodWorker.invokeTestMethods(TestMethodWorker.java:154)\r\n\tat org.testng.internal.invokers.TestMethodWorker.run(TestMethodWorker.java:134)\r\n\tat java.base/java.util.ArrayList.forEach(ArrayList.java:1511)\r\n\tat org.testng.TestRunner.privateRun(TestRunner.java:739)\r\n\tat org.testng.TestRunner.run(TestRunner.java:614)\r\n\tat org.testng.SuiteRunner.runTest(SuiteRunner.java:421)\r\n\tat org.testng.SuiteRunner.runSequentially(SuiteRunner.java:413)\r\n\tat org.testng.SuiteRunner.privateRun(SuiteRunner.java:373)\r\n\tat org.testng.SuiteRunner.run(SuiteRunner.java:312)\r\n\tat org.testng.SuiteRunnerWorker.runSuite(SuiteRunnerWorker.java:52)\r\n\tat org.testng.SuiteRunnerWorker.run(SuiteRunnerWorker.java:95)\r\n\tat org.testng.TestNG.runSuitesSequentially(TestNG.java:1274)\r\n\tat org.testng.TestNG.runSuitesLocally(TestNG.java:1208)\r\n\tat org.testng.TestNG.runSuites(TestNG.java:1112)\r\n\tat org.testng.TestNG.run(TestNG.java:1079)\r\n\tat com.intellij.rt.testng.IDEARemoteTestNG.run(IDEARemoteTestNG.java:65)\r\n\tat com.intellij.rt.testng.RemoteTestNGStarter.main(RemoteTestNGStarter.java:105)\r\n"},"stage":"finished","steps":[],"attachments":[{"name":"temperature_validation_failed","source":"7782245e-5509-4fdc-a9c8-01ce21c9a089-attachment"},{"name":"FAILED_testTemperatureValueIsDisplayedCorrectly","source":"ef38f7d2-727c-4633-8de3-80cf238c2a3b-attachment"}],"parameters":[],"start":1747855030643,"stop":1747855209338}